2024-06-28 20:27:21.747 [restartedMain] INFO  c.f.l.LibraryManagementSystemApplication - Starting LibraryManagementSystemApplication using Java 21.0.1 with PID 9792 (D:\代码\项目代码\LibraryManagementSystem\LibraryManagementSystem\target\classes started by 86152 in D:\代码\项目代码\LibraryManagementSystem\LibraryManagementSystem)
2024-06-28 20:27:21.747 [restartedMain] INFO  c.f.l.LibraryManagementSystemApplication - The following 1 profile is active: "prod"
2024-06-28 20:27:25.373 [restartedMain] INFO  c.f.l.LibraryManagementSystemApplication - Started LibraryManagementSystemApplication in 4.085 seconds (process running for 4.832)
2024-06-28 20:39:07.674 [restartedMain] INFO  c.f.l.LibraryManagementSystemApplication - Starting LibraryManagementSystemApplication using Java 21.0.1 with PID 9792 (D:\代码\项目代码\LibraryManagementSystem\LibraryManagementSystem\target\classes started by 86152 in D:\代码\项目代码\LibraryManagementSystem\LibraryManagementSystem)
2024-06-28 20:39:07.674 [restartedMain] INFO  c.f.l.LibraryManagementSystemApplication - The following 1 profile is active: "prod"
2024-06-28 20:39:10.699 [restartedMain] INFO  c.f.l.LibraryManagementSystemApplication - Starting LibraryManagementSystemApplication using Java 21.0.1 with PID 9792 (D:\代码\项目代码\LibraryManagementSystem\LibraryManagementSystem\target\classes started by 86152 in D:\代码\项目代码\LibraryManagementSystem\LibraryManagementSystem)
2024-06-28 20:39:10.699 [restartedMain] INFO  c.f.l.LibraryManagementSystemApplication - The following 1 profile is active: "prod"
2024-06-28 20:39:12.041 [restartedMain] INFO  c.f.l.LibraryManagementSystemApplication - Started LibraryManagementSystemApplication in 1.378 seconds (process running for 711.5)
2024-06-28 20:39:12.641 [main] INFO  c.f.l.LibraryManagementSystemApplicationTests - Starting LibraryManagementSystemApplicationTests using Java 21.0.1 with PID 14588 (started by 86152 in D:\代码\项目代码\LibraryManagementSystem\LibraryManagementSystem)
2024-06-28 20:39:12.642 [main] INFO  c.f.l.LibraryManagementSystemApplicationTests - The following 1 profile is active: "prod"
2024-06-28 20:39:16.637 [main] INFO  c.f.l.LibraryManagementSystemApplicationTests - Started LibraryManagementSystemApplicationTests in 4.417 seconds (process running for 5.376)
2024-06-28 20:49:48.880 [restartedMain] INFO  c.f.l.LibraryManagementSystemApplication - Starting LibraryManagementSystemApplication using Java 21.0.1 with PID 14232 (D:\代码\项目代码\LibraryManagementSystem\LibraryManagementSystem\target\classes started by 86152 in D:\代码\项目代码\LibraryManagementSystem\LibraryManagementSystem)
2024-06-28 20:49:48.880 [restartedMain] INFO  c.f.l.LibraryManagementSystemApplication - The following 1 profile is active: "prod"
2024-06-28 20:49:51.941 [restartedMain] INFO  c.f.l.LibraryManagementSystemApplication - Started LibraryManagementSystemApplication in 3.439 seconds (process running for 4.042)
2024-06-28 20:54:15.805 [main] INFO  c.f.l.LibraryManagementSystemApplicationTests - Starting LibraryManagementSystemApplicationTests using Java 21.0.1 with PID 13604 (started by 86152 in D:\代码\项目代码\LibraryManagementSystem\LibraryManagementSystem)
2024-06-28 20:54:15.806 [main] INFO  c.f.l.LibraryManagementSystemApplicationTests - The following 1 profile is active: "prod"
2024-06-28 20:54:20.201 [main] INFO  c.f.l.LibraryManagementSystemApplicationTests - Started LibraryManagementSystemApplicationTests in 4.903 seconds (process running for 6.402)
2024-06-28 20:54:27.927 [main] INFO  c.f.l.LibraryManagementSystemApplicationTests - Starting LibraryManagementSystemApplicationTests using Java 21.0.1 with PID 22144 (started by 86152 in D:\代码\项目代码\LibraryManagementSystem\LibraryManagementSystem)
2024-06-28 20:54:27.928 [main] INFO  c.f.l.LibraryManagementSystemApplicationTests - The following 1 profile is active: "prod"
2024-06-28 20:54:32.196 [main] INFO  c.f.l.LibraryManagementSystemApplicationTests - Started LibraryManagementSystemApplicationTests in 4.776 seconds (process running for 5.901)
2024-06-28 20:54:37.803 [restartedMain] INFO  c.f.l.LibraryManagementSystemApplication - Starting LibraryManagementSystemApplication using Java 21.0.1 with PID 21048 (D:\代码\项目代码\LibraryManagementSystem\LibraryManagementSystem\target\classes started by 86152 in D:\代码\项目代码\LibraryManagementSystem\LibraryManagementSystem)
2024-06-28 20:54:37.804 [restartedMain] INFO  c.f.l.LibraryManagementSystemApplication - The following 1 profile is active: "prod"
2024-06-28 20:54:41.056 [restartedMain] INFO  c.f.l.LibraryManagementSystemApplication - Started LibraryManagementSystemApplication in 3.688 seconds (process running for 4.526)
2024-06-28 20:59:25.630 [restartedMain] INFO  c.f.l.LibraryManagementSystemApplication - Starting LibraryManagementSystemApplication using Java 21.0.1 with PID 31180 (D:\代码\项目代码\LibraryManagementSystem\LibraryManagementSystem\target\classes started by 86152 in D:\代码\项目代码\LibraryManagementSystem\LibraryManagementSystem)
2024-06-28 20:59:25.630 [restartedMain] INFO  c.f.l.LibraryManagementSystemApplication - The following 1 profile is active: "prod"
2024-06-28 20:59:28.937 [restartedMain] INFO  c.f.l.LibraryManagementSystemApplication - Started LibraryManagementSystemApplication in 3.745 seconds (process running for 4.763)
2024-06-28 21:09:10.354 [restartedMain] INFO  c.f.l.LibraryManagementSystemApplication - Starting LibraryManagementSystemApplication using Java 21.0.1 with PID 7612 (D:\代码\项目代码\LibraryManagementSystem\LibraryManagementSystem\target\classes started by 86152 in D:\代码\项目代码\LibraryManagementSystem\LibraryManagementSystem)
2024-06-28 21:09:10.355 [restartedMain] INFO  c.f.l.LibraryManagementSystemApplication - The following 1 profile is active: "prod"
2024-06-28 21:09:13.484 [restartedMain] INFO  c.f.l.LibraryManagementSystemApplication - Started LibraryManagementSystemApplication in 3.524 seconds (process running for 4.129)
2024-06-28 21:10:23.095 [restartedMain] INFO  c.f.l.LibraryManagementSystemApplication - Starting LibraryManagementSystemApplication using Java 21.0.1 with PID 21856 (D:\代码\项目代码\LibraryManagementSystem\LibraryManagementSystem\target\classes started by 86152 in D:\代码\项目代码\LibraryManagementSystem\LibraryManagementSystem)
2024-06-28 21:10:23.096 [restartedMain] INFO  c.f.l.LibraryManagementSystemApplication - The following 1 profile is active: "prod"
2024-06-28 21:10:26.370 [restartedMain] INFO  c.f.l.LibraryManagementSystemApplication - Started LibraryManagementSystemApplication in 3.708 seconds (process running for 4.533)
2024-06-28 21:12:30.206 [restartedMain] INFO  c.f.l.LibraryManagementSystemApplication - Starting LibraryManagementSystemApplication using Java 21.0.1 with PID 35012 (D:\代码\项目代码\LibraryManagementSystem\LibraryManagementSystem\target\classes started by 86152 in D:\代码\项目代码\LibraryManagementSystem\LibraryManagementSystem)
2024-06-28 21:12:30.207 [restartedMain] INFO  c.f.l.LibraryManagementSystemApplication - The following 1 profile is active: "prod"
2024-06-28 21:12:33.242 [restartedMain] INFO  c.f.l.LibraryManagementSystemApplication - Started LibraryManagementSystemApplication in 3.433 seconds (process running for 4.05)
2024-06-28 21:15:08.844 [restartedMain] INFO  c.f.l.LibraryManagementSystemApplication - Starting LibraryManagementSystemApplication using Java 21.0.1 with PID 18412 (D:\代码\项目代码\LibraryManagementSystem\LibraryManagementSystem\target\classes started by 86152 in D:\代码\项目代码\LibraryManagementSystem\LibraryManagementSystem)
2024-06-28 21:15:08.845 [restartedMain] INFO  c.f.l.LibraryManagementSystemApplication - The following 1 profile is active: "prod"
2024-06-28 21:15:12.137 [restartedMain] INFO  c.f.l.LibraryManagementSystemApplication - Started LibraryManagementSystemApplication in 3.729 seconds (process running for 4.569)
2024-06-28 21:15:17.894 [restartedMain] INFO  c.f.l.LibraryManagementSystemApplication - Starting LibraryManagementSystemApplication using Java 21.0.1 with PID 18412 (D:\代码\项目代码\LibraryManagementSystem\LibraryManagementSystem\target\classes started by 86152 in D:\代码\项目代码\LibraryManagementSystem\LibraryManagementSystem)
2024-06-28 21:15:17.894 [restartedMain] INFO  c.f.l.LibraryManagementSystemApplication - The following 1 profile is active: "prod"
2024-06-28 21:15:19.141 [restartedMain] INFO  c.f.l.LibraryManagementSystemApplication - Started LibraryManagementSystemApplication in 1.297 seconds (process running for 11.574)
2024-06-28 21:15:20.733 [restartedMain] INFO  c.f.l.LibraryManagementSystemApplication - Starting LibraryManagementSystemApplication using Java 21.0.1 with PID 18412 (D:\代码\项目代码\LibraryManagementSystem\LibraryManagementSystem\target\classes started by 86152 in D:\代码\项目代码\LibraryManagementSystem\LibraryManagementSystem)
2024-06-28 21:15:20.733 [restartedMain] INFO  c.f.l.LibraryManagementSystemApplication - The following 1 profile is active: "prod"
2024-06-28 21:15:21.942 [restartedMain] INFO  c.f.l.LibraryManagementSystemApplication - Started LibraryManagementSystemApplication in 1.252 seconds (process running for 14.377)
2024-06-28 21:21:20.947 [restartedMain] INFO  c.f.l.LibraryManagementSystemApplication - Starting LibraryManagementSystemApplication using Java 21.0.1 with PID 31196 (D:\代码\项目代码\LibraryManagementSystem\LibraryManagementSystem\target\classes started by 86152 in D:\代码\项目代码\LibraryManagementSystem\LibraryManagementSystem)
2024-06-28 21:21:20.948 [restartedMain] INFO  c.f.l.LibraryManagementSystemApplication - The following 1 profile is active: "prod"
2024-06-28 21:21:23.993 [restartedMain] INFO  c.f.l.LibraryManagementSystemApplication - Started LibraryManagementSystemApplication in 3.424 seconds (process running for 3.991)
2024-06-28 21:23:57.350 [restartedMain] INFO  c.f.l.LibraryManagementSystemApplication - Starting LibraryManagementSystemApplication using Java 21.0.1 with PID 34308 (D:\代码\项目代码\LibraryManagementSystem\LibraryManagementSystem\target\classes started by 86152 in D:\代码\项目代码\LibraryManagementSystem\LibraryManagementSystem)
2024-06-28 21:23:57.351 [restartedMain] INFO  c.f.l.LibraryManagementSystemApplication - The following 1 profile is active: "prod"
2024-06-28 21:24:00.673 [restartedMain] INFO  c.f.l.LibraryManagementSystemApplication - Started LibraryManagementSystemApplication in 3.787 seconds (process running for 4.808)
2024-06-28 21:29:01.559 [restartedMain] INFO  c.f.l.LibraryManagementSystemApplication - Starting LibraryManagementSystemApplication using Java 21.0.1 with PID 31672 (D:\代码\项目代码\LibraryManagementSystem\LibraryManagementSystem\target\classes started by 86152 in D:\代码\项目代码\LibraryManagementSystem\LibraryManagementSystem)
2024-06-28 21:29:01.559 [restartedMain] INFO  c.f.l.LibraryManagementSystemApplication - The following 1 profile is active: "prod"
2024-06-28 21:29:04.837 [restartedMain] INFO  c.f.l.LibraryManagementSystemApplication - Started LibraryManagementSystemApplication in 3.715 seconds (process running for 4.534)
2024-06-28 21:33:33.243 [restartedMain] INFO  c.f.l.LibraryManagementSystemApplication - Starting LibraryManagementSystemApplication using Java 21.0.1 with PID 1736 (D:\代码\项目代码\LibraryManagementSystem\LibraryManagementSystem\target\classes started by 86152 in D:\代码\项目代码\LibraryManagementSystem\LibraryManagementSystem)
2024-06-28 21:33:33.243 [restartedMain] INFO  c.f.l.LibraryManagementSystemApplication - The following 1 profile is active: "prod"
2024-06-28 21:33:36.522 [restartedMain] INFO  c.f.l.LibraryManagementSystemApplication - Started LibraryManagementSystemApplication in 3.728 seconds (process running for 4.547)
2024-06-28 21:35:45.239 [restartedMain] INFO  c.f.l.LibraryManagementSystemApplication - Starting LibraryManagementSystemApplication using Java 21.0.1 with PID 35984 (D:\代码\项目代码\LibraryManagementSystem\LibraryManagementSystem\target\classes started by 86152 in D:\代码\项目代码\LibraryManagementSystem\LibraryManagementSystem)
2024-06-28 21:35:45.240 [restartedMain] INFO  c.f.l.LibraryManagementSystemApplication - The following 1 profile is active: "prod"
2024-06-28 21:35:48.529 [restartedMain] INFO  c.f.l.LibraryManagementSystemApplication - Started LibraryManagementSystemApplication in 3.727 seconds (process running for 4.709)
2024-06-28 22:42:29.328 [restartedMain] INFO  c.f.l.LibraryManagementSystemApplication - Starting LibraryManagementSystemApplication using Java 21.0.1 with PID 36056 (D:\代码\项目代码\LibraryManagementSystem\LibraryManagementSystem\target\classes started by 86152 in D:\代码\项目代码\LibraryManagementSystem\LibraryManagementSystem)
2024-06-28 22:42:29.329 [restartedMain] INFO  c.f.l.LibraryManagementSystemApplication - The following 1 profile is active: "prod"
2024-06-28 22:42:32.397 [restartedMain] INFO  c.f.l.LibraryManagementSystemApplication - Started LibraryManagementSystemApplication in 3.47 seconds (process running for 4.048)
2024-06-28 22:46:43.011 [restartedMain] INFO  c.f.l.LibraryManagementSystemApplication - Starting LibraryManagementSystemApplication using Java 21.0.1 with PID 24900 (D:\代码\项目代码\LibraryManagementSystem\LibraryManagementSystem\target\classes started by 86152 in D:\代码\项目代码\LibraryManagementSystem\LibraryManagementSystem)
2024-06-28 22:46:43.012 [restartedMain] INFO  c.f.l.LibraryManagementSystemApplication - The following 1 profile is active: "prod"
2024-06-28 22:46:46.294 [restartedMain] INFO  c.f.l.LibraryManagementSystemApplication - Started LibraryManagementSystemApplication in 3.721 seconds (process running for 4.6)
2024-06-28 22:51:44.833 [http-nio-8080-exec-5] INFO  c.f.l.util.excel.AddUserExcelListen - 解析到一条数据:{"certificateEndDate":"2026-12-12","department":"电子商务2201","identity":"本科生","sex":"男","userId":3321301259,"userName":"张三"}
2024-06-28 22:51:44.921 [http-nio-8080-exec-5] INFO  c.f.l.util.excel.AddUserExcelListen - 所有数据解析完成！
